{
  "RSpec": {
    "coverage": {
      "/home/bartosz/Programy/first_rails_app/spec/controllers/users_controller_spec.rb": [
        1,
        null,
        1,
        1,
        5,
        5,
        5,
        1,
        1,
        null,
        2,
        2,
        2,
        null,
        null,
        1,
        5,
        5,
        1,
        1,
        null,
        2,
        2,
        2,
        null,
        null,
        1,
        7,
        1,
        4,
        1,
        2,
        null,
        2,
        2,
        null,
        null,
        1,
        4,
        1,
        2,
        null,
        2,
        2,
        null,
        null,
        null
      ],
      "/home/bartosz/Programy/first_rails_app/spec/rails_helper.rb": [
        null,
        1,
        1,
        null,
        1,
        1,
        1,
        1,
        null,
        null,
        null,
        null,
        null,
        null,
        null,
        null,
        null,
        null,
        null,
        null,
        null,
        null,
        null,
        null,
        null,
        null,
        null,
        1,
        null,
        1,
        null,
        1,
        null,
        null,
        null,
        null,
        1,
        null,
        null,
        null,
        null,
        null,
        null,
        null,
        null,
        null,
        null,
        null,
        null,
        null,
        null,
        1,
        null,
        null,
        1,
        null,
        null,
        null,
        1,
        1,
        1,
        1,
        null,
        null
      ],
      "/home/bartosz/Programy/first_rails_app/config/environment.rb": [
        null,
        1,
        null,
        null,
        1
      ],
      "/home/bartosz/Programy/first_rails_app/config/application.rb": [
        1,
        null,
        1,
        null,
        null,
        null,
        1,
        null,
        1,
        1,
        null,
        null,
        null,
        null,
        null
      ],
      "/home/bartosz/Programy/first_rails_app/config/boot.rb": [
        1,
        null,
        1
      ],
      "/home/bartosz/Programy/first_rails_app/config/environments/test.rb": [
        1,
        null,
        null,
        null,
        null,
        null,
        null,
        1,
        null,
        null,
        null,
        null,
        1,
        null,
        null,
        1,
        1,
        null,
        null,
        null,
        null,
        1,
        1,
        null,
        null,
        1,
        null,
        null,
        1,
        1,
        null,
        null,
        null,
        null,
        1,
        null,
        null,
        1,
        null,
        null,
        null,
        null
      ],
      "/home/bartosz/Programy/first_rails_app/config/initializers/application_controller_renderer.rb": [
        null,
        null,
        null,
        null,
        null,
        null
      ],
      "/home/bartosz/Programy/first_rails_app/config/initializers/assets.rb": [
        null,
        null,
        null,
        1,
        null,
        null,
        null,
        null,
        null,
        null,
        null
      ],
      "/home/bartosz/Programy/first_rails_app/config/initializers/backtrace_silencers.rb": [
        null,
        null,
        null,
        null,
        null,
        null,
        null
      ],
      "/home/bartosz/Programy/first_rails_app/config/initializers/cookies_serializer.rb": [
        null,
        null,
        null,
        null,
        1
      ],
      "/home/bartosz/Programy/first_rails_app/config/initializers/filter_parameter_logging.rb": [
        null,
        null,
        null,
        1
      ],
      "/home/bartosz/Programy/first_rails_app/config/initializers/inflections.rb": [
        null,
        null,
        null,
        null,
        null,
        null,
        null,
        null,
        null,
        null,
        null,
        null,
        null,
        null,
        null,
        null
      ],
      "/home/bartosz/Programy/first_rails_app/config/initializers/mime_types.rb": [
        null,
        null,
        null,
        null
      ],
      "/home/bartosz/Programy/first_rails_app/config/initializers/new_framework_defaults.rb": [
        null,
        null,
        null,
        null,
        null,
        null,
        null,
        1,
        null,
        null,
        1,
        null,
        null,
        null,
        1,
        null,
        null,
        1,
        null,
        null,
        1,
        null,
        null,
        1
      ],
      "/home/bartosz/Programy/first_rails_app/config/initializers/session_store.rb": [
        null,
        null,
        1
      ],
      "/home/bartosz/Programy/first_rails_app/config/initializers/wrap_parameters.rb": [
        null,
        null,
        null,
        null,
        null,
        null,
        1,
        2,
        null,
        null,
        null,
        null,
        null,
        null
      ],
      "/home/bartosz/Programy/first_rails_app/app/helpers/application_helper.rb": [
        1,
        null
      ],
      "/home/bartosz/Programy/first_rails_app/app/helpers/articles_helper.rb": [
        1,
        1,
        null,
        0,
        null,
        null,
        null,
        1,
        null,
        0,
        null,
        null,
        null,
        null
      ],
      "/home/bartosz/Programy/first_rails_app/app/helpers/sessions_helper.rb": [
        1,
        null
      ],
      "/home/bartosz/Programy/first_rails_app/app/helpers/static_helper.rb": [
        1,
        null
      ],
      "/home/bartosz/Programy/first_rails_app/app/helpers/tags_helper.rb": [
        1,
        null
      ],
      "/home/bartosz/Programy/first_rails_app/app/helpers/users_helper.rb": [
        1,
        null
      ],
      "/home/bartosz/Programy/first_rails_app/spec/factories/article.rb": [
        1,
        1,
        1,
        1,
        1,
        null,
        null
      ],
      "/home/bartosz/Programy/first_rails_app/spec/factories/comment.rb": [
        1,
        1,
        1,
        1,
        1,
        null,
        null
      ],
      "/home/bartosz/Programy/first_rails_app/spec/factories/tag.rb": [
        1,
        1,
        1,
        null,
        null
      ],
      "/home/bartosz/Programy/first_rails_app/spec/factories/user.rb": [
        1,
        1,
        11,
        8,
        1,
        1,
        null,
        null
      ],
      "/home/bartosz/Programy/first_rails_app/spec/factories/vote.rb": [
        1,
        1,
        1,
        null,
        1,
        1,
        null,
        null,
        1,
        1,
        null,
        null,
        1,
        1,
        null,
        null,
        1,
        1,
        null,
        null,
        1,
        1,
        1,
        1,
        1,
        1,
        null,
        null
      ],
      "/home/bartosz/Programy/first_rails_app/config/routes.rb": [
        1,
        1,
        1,
        1,
        null,
        null,
        1,
        1,
        null,
        null,
        null,
        null,
        null,
        null,
        null,
        null,
        null,
        1,
        1,
        1,
        1,
        1,
        1,
        1,
        1,
        null
      ],
      "/home/bartosz/Programy/first_rails_app/spec/support/factory_girl.rb": [
        1,
        1,
        null
      ],
      "/home/bartosz/Programy/first_rails_app/app/controllers/users_controller.rb": [
        1,
        1,
        4,
        null,
        null,
        1,
        4,
        null,
        null,
        1,
        6,
        6,
        3,
        3,
        3,
        null,
        3,
        null,
        null,
        null,
        1,
        null,
        1,
        6,
        null,
        null
      ],
      "/home/bartosz/Programy/first_rails_app/app/controllers/application_controller.rb": [
        1,
        1,
        null,
        1,
        3,
        null,
        1,
        null,
        1,
        0,
        null,
        null,
        1,
        0,
        null,
        null,
        1,
        0,
        null,
        null
      ],
      "/home/bartosz/Programy/first_rails_app/app/models/user.rb": [
        1,
        1,
        1,
        1,
        1,
        1,
        null,
        1,
        1,
        8,
        1,
        1,
        null,
        null,
        null,
        1,
        null,
        1,
        null,
        0,
        0,
        0,
        null,
        0,
        null,
        null,
        null,
        1,
        0,
        null,
        null,
        1,
        0,
        null,
        null
      ],
      "/home/bartosz/Programy/first_rails_app/app/models/application_record.rb": [
        1,
        1,
        null
      ]
    },
    "timestamp": 1487359503
  }
}
